{"meta": {"format": 3, "version": "7.10.4", "timestamp": "2025-08-17T06:16:43.095449", "branch_coverage": false, "show_contexts": false}, "files": {"src/ai_core_service.py": {"executed_lines": [], "summary": {"covered_lines": 0, "num_statements": 6, "percent_covered": 0.0, "percent_covered_display": "0", "missing_lines": 6, "excluded_lines": 0}, "missing_lines": [1, 2, 4, 5, 7, 8], "excluded_lines": [], "functions": {"AICoreService.get_holistic_pet_plan": {"executed_lines": [], "summary": {"covered_lines": 0, "num_statements": 2, "percent_covered": 0.0, "percent_covered_display": "0", "missing_lines": 2, "excluded_lines": 0}, "missing_lines": [7, 8], "excluded_lines": []}, "": {"executed_lines": [], "summary": {"covered_lines": 0, "num_statements": 4, "percent_covered": 0.0, "percent_covered_display": "0", "missing_lines": 4, "excluded_lines": 0}, "missing_lines": [1, 2, 4, 5], "excluded_lines": []}}, "classes": {"AICoreService": {"executed_lines": [], "summary": {"covered_lines": 0, "num_statements": 2, "percent_covered": 0.0, "percent_covered_display": "0", "missing_lines": 2, "excluded_lines": 0}, "missing_lines": [7, 8], "excluded_lines": []}, "": {"executed_lines": [], "summary": {"covered_lines": 0, "num_statements": 4, "percent_covered": 0.0, "percent_covered_display": "0", "missing_lines": 4, "excluded_lines": 0}, "missing_lines": [1, 2, 4, 5], "excluded_lines": []}}}, "src/behavioral_interpreter/interpreter.py": {"executed_lines": [1, 6, 7, 8, 9, 10, 11, 12, 13, 16, 17, 18, 20, 21, 25, 27, 29, 30, 31, 32, 34, 35, 37, 38, 42, 45, 47, 48, 49, 50, 51, 52, 53, 54, 55, 56, 57, 58, 60, 61, 62, 63, 64, 65, 66, 67, 68, 70, 71, 82, 93, 122, 123, 124, 151, 199, 235, 268, 281, 316, 363, 406], "summary": {"covered_lines": 58, "num_statements": 200, "percent_covered": 29.0, "percent_covered_display": "29", "missing_lines": 142, "excluded_lines": 0}, "missing_lines": [22, 23, 24, 39, 40, 43, 83, 84, 90, 91, 95, 140, 141, 142, 143, 149, 153, 155, 156, 157, 160, 162, 169, 170, 171, 172, 174, 179, 180, 186, 189, 191, 197, 201, 203, 204, 206, 207, 210, 211, 212, 213, 216, 217, 219, 220, 221, 223, 224, 225, 227, 229, 230, 231, 233, 237, 239, 240, 242, 243, 246, 254, 255, 256, 257, 258, 260, 262, 263, 264, 266, 270, 272, 273, 274, 275, 276, 277, 279, 283, 286, 288, 289, 291, 292, 293, 294, 297, 300, 311, 312, 314, 318, 321, 323, 324, 326, 327, 328, 329, 330, 331, 333, 335, 336, 337, 340, 341, 344, 347, 358, 359, 361, 365, 367, 369, 372, 373, 375, 376, 378, 379, 380, 382, 384, 385, 386, 389, 390, 400, 401, 403, 408, 409, 410, 412, 413, 414, 415, 416, 417, 419], "excluded_lines": [], "functions": {"BehavioralInterpreter.__init__": {"executed_lines": [], "summary": {"covered_lines": 0, "num_statements": 4, "percent_covered": 0.0, "percent_covered_display": "0", "missing_lines": 4, "excluded_lines": 0}, "missing_lines": [83, 84, 90, 91], "excluded_lines": []}, "BehavioralInterpreter._load_behavior_rules": {"executed_lines": [], "summary": {"covered_lines": 0, "num_statements": 1, "percent_covered": 0.0, "percent_covered_display": "0", "missing_lines": 1, "excluded_lines": 0}, "missing_lines": [95], "excluded_lines": []}, "BehavioralInterpreter.analyze_timeline": {"executed_lines": [], "summary": {"covered_lines": 0, "num_statements": 5, "percent_covered": 0.0, "percent_covered_display": "0", "missing_lines": 5, "excluded_lines": 0}, "missing_lines": [140, 141, 142, 143, 149], "excluded_lines": []}, "BehavioralInterpreter._analyze_timeline_internal": {"executed_lines": [], "summary": {"covered_lines": 0, "num_statements": 17, "percent_covered": 0.0, "percent_covered_display": "0", "missing_lines": 17, "excluded_lines": 0}, "missing_lines": [153, 155, 156, 157, 160, 162, 169, 170, 171, 172, 174, 179, 180, 186, 189, 191, 197], "excluded_lines": []}, "BehavioralInterpreter._validate_input_data": {"executed_lines": [], "summary": {"covered_lines": 0, "num_statements": 22, "percent_covered": 0.0, "percent_covered_display": "0", "missing_lines": 22, "excluded_lines": 0}, "missing_lines": [201, 203, 204, 206, 207, 210, 211, 212, 213, 216, 217, 219, 220, 221, 223, 224, 225, 227, 229, 230, 231, 233], "excluded_lines": []}, "BehavioralInterpreter._validate_output_events": {"executed_lines": [], "summary": {"covered_lines": 0, "num_statements": 16, "percent_covered": 0.0, "percent_covered_display": "0", "missing_lines": 16, "excluded_lines": 0}, "missing_lines": [237, 239, 240, 242, 243, 246, 254, 255, 256, 257, 258, 260, 262, 263, 264, 266], "excluded_lines": []}, "BehavioralInterpreter._apply_behavior_rule": {"executed_lines": [], "summary": {"covered_lines": 0, "num_statements": 8, "percent_covered": 0.0, "percent_covered_display": "0", "missing_lines": 8, "excluded_lines": 0}, "missing_lines": [270, 272, 273, 274, 275, 276, 277, 279], "excluded_lines": []}, "BehavioralInterpreter._detect_deep_sleep": {"executed_lines": [], "summary": {"covered_lines": 0, "num_statements": 13, "percent_covered": 0.0, "percent_covered_display": "0", "missing_lines": 13, "excluded_lines": 0}, "missing_lines": [283, 286, 288, 289, 291, 292, 293, 294, 297, 300, 311, 312, 314], "excluded_lines": []}, "BehavioralInterpreter._detect_anxious_pacing": {"executed_lines": [], "summary": {"covered_lines": 0, "num_statements": 21, "percent_covered": 0.0, "percent_covered_display": "0", "missing_lines": 21, "excluded_lines": 0}, "missing_lines": [318, 321, 323, 324, 326, 327, 328, 329, 330, 331, 333, 335, 336, 337, 340, 341, 344, 347, 358, 359, 361], "excluded_lines": []}, "BehavioralInterpreter._detect_playing_fetch": {"executed_lines": [], "summary": {"covered_lines": 0, "num_statements": 19, "percent_covered": 0.0, "percent_covered_display": "0", "missing_lines": 19, "excluded_lines": 0}, "missing_lines": [365, 367, 369, 372, 373, 375, 376, 378, 379, 380, 382, 384, 385, 386, 389, 390, 400, 401, 403], "excluded_lines": []}, "BehavioralInterpreter._calculate_distance": {"executed_lines": [], "summary": {"covered_lines": 0, "num_statements": 10, "percent_covered": 0.0, "percent_covered_display": "0", "missing_lines": 10, "excluded_lines": 0}, "missing_lines": [408, 409, 410, 412, 413, 414, 415, 416, 417, 419], "excluded_lines": []}, "": {"executed_lines": [1, 6, 7, 8, 9, 10, 11, 12, 13, 16, 17, 18, 20, 21, 25, 27, 29, 30, 31, 32, 34, 35, 37, 38, 42, 45, 47, 48, 49, 50, 51, 52, 53, 54, 55, 56, 57, 58, 60, 61, 62, 63, 64, 65, 66, 67, 68, 70, 71, 82, 93, 122, 123, 124, 151, 199, 235, 268, 281, 316, 363, 406], "summary": {"covered_lines": 58, "num_statements": 64, "percent_covered": 90.625, "percent_covered_display": "91", "missing_lines": 6, "excluded_lines": 0}, "missing_lines": [22, 23, 24, 39, 40, 43], "excluded_lines": []}}, "classes": {"BehaviorType": {"executed_lines": [], "summary": {"covered_lines": 0, "num_statements": 0, "percent_covered": 100.0, "percent_covered_display": "100", "missing_lines": 0, "excluded_lines": 0}, "missing_lines": [], "excluded_lines": []}, "BehaviorRule": {"executed_lines": [], "summary": {"covered_lines": 0, "num_statements": 0, "percent_covered": 100.0, "percent_covered_display": "100", "missing_lines": 0, "excluded_lines": 0}, "missing_lines": [], "excluded_lines": []}, "BehavioralInterpreter": {"executed_lines": [], "summary": {"covered_lines": 0, "num_statements": 136, "percent_covered": 0.0, "percent_covered_display": "0", "missing_lines": 136, "excluded_lines": 0}, "missing_lines": [83, 84, 90, 91, 95, 140, 141, 142, 143, 149, 153, 155, 156, 157, 160, 162, 169, 170, 171, 172, 174, 179, 180, 186, 189, 191, 197, 201, 203, 204, 206, 207, 210, 211, 212, 213, 216, 217, 219, 220, 221, 223, 224, 225, 227, 229, 230, 231, 233, 237, 239, 240, 242, 243, 246, 254, 255, 256, 257, 258, 260, 262, 263, 264, 266, 270, 272, 273, 274, 275, 276, 277, 279, 283, 286, 288, 289, 291, 292, 293, 294, 297, 300, 311, 312, 314, 318, 321, 323, 324, 326, 327, 328, 329, 330, 331, 333, 335, 336, 337, 340, 341, 344, 347, 358, 359, 361, 365, 367, 369, 372, 373, 375, 376, 378, 379, 380, 382, 384, 385, 386, 389, 390, 400, 401, 403, 408, 409, 410, 412, 413, 414, 415, 416, 417, 419], "excluded_lines": []}, "": {"executed_lines": [1, 6, 7, 8, 9, 10, 11, 12, 13, 16, 17, 18, 20, 21, 25, 27, 29, 30, 31, 32, 34, 35, 37, 38, 42, 45, 47, 48, 49, 50, 51, 52, 53, 54, 55, 56, 57, 58, 60, 61, 62, 63, 64, 65, 66, 67, 68, 70, 71, 82, 93, 122, 123, 124, 151, 199, 235, 268, 281, 316, 363, 406], "summary": {"covered_lines": 58, "num_statements": 64, "percent_covered": 90.625, "percent_covered_display": "91", "missing_lines": 6, "excluded_lines": 0}, "missing_lines": [22, 23, 24, 39, 40, 43], "excluded_lines": []}}}, "src/common/observability/logger.py": {"executed_lines": [1, 5, 6, 7, 8, 9, 10, 12, 13, 16, 17, 20, 21, 23, 33, 36, 39, 42, 45, 61, 72, 113, 114, 116, 134, 136, 177, 184], "summary": {"covered_lines": 25, "num_statements": 104, "percent_covered": 24.03846153846154, "percent_covered_display": "24", "missing_lines": 79, "excluded_lines": 0}, "missing_lines": [14, 15, 24, 25, 27, 28, 29, 30, 31, 34, 37, 40, 43, 48, 50, 59, 63, 64, 67, 68, 70, 74, 77, 82, 84, 85, 88, 91, 92, 93, 96, 97, 98, 99, 100, 102, 103, 105, 107, 109, 111, 118, 119, 120, 121, 123, 131, 144, 146, 154, 155, 156, 158, 159, 161, 162, 164, 165, 167, 168, 170, 173, 175, 180, 181, 182, 186, 187, 188, 189, 191, 198, 199, 200, 205, 206, 207, 213, 215], "excluded_lines": [], "functions": {"StructuredLogger.__init__": {"executed_lines": [], "summary": {"covered_lines": 0, "num_statements": 7, "percent_covered": 0.0, "percent_covered_display": "0", "missing_lines": 7, "excluded_lines": 0}, "missing_lines": [24, 25, 27, 28, 29, 30, 31], "excluded_lines": []}, "StructuredLogger.info": {"executed_lines": [], "summary": {"covered_lines": 0, "num_statements": 1, "percent_covered": 0.0, "percent_covered_display": "0", "missing_lines": 1, "excluded_lines": 0}, "missing_lines": [34], "excluded_lines": []}, "StructuredLogger.warning": {"executed_lines": [], "summary": {"covered_lines": 0, "num_statements": 1, "percent_covered": 0.0, "percent_covered_display": "0", "missing_lines": 1, "excluded_lines": 0}, "missing_lines": [37], "excluded_lines": []}, "StructuredLogger.error": {"executed_lines": [], "summary": {"covered_lines": 0, "num_statements": 1, "percent_covered": 0.0, "percent_covered_display": "0", "missing_lines": 1, "excluded_lines": 0}, "missing_lines": [40], "excluded_lines": []}, "StructuredLogger.debug": {"executed_lines": [], "summary": {"covered_lines": 0, "num_statements": 1, "percent_covered": 0.0, "percent_covered_display": "0", "missing_lines": 1, "excluded_lines": 0}, "missing_lines": [43], "excluded_lines": []}, "StructuredLogger._log": {"executed_lines": [], "summary": {"covered_lines": 0, "num_statements": 3, "percent_covered": 0.0, "percent_covered_display": "0", "missing_lines": 3, "excluded_lines": 0}, "missing_lines": [48, 50, 59], "excluded_lines": []}, "StructuredLogger._sanitize_message": {"executed_lines": [], "summary": {"covered_lines": 0, "num_statements": 5, "percent_covered": 0.0, "percent_covered_display": "0", "missing_lines": 5, "excluded_lines": 0}, "missing_lines": [63, 64, 67, 68, 70], "excluded_lines": []}, "StructuredLogger._sanitize_log_data": {"executed_lines": [], "summary": {"covered_lines": 0, "num_statements": 20, "percent_covered": 0.0, "percent_covered_display": "0", "missing_lines": 20, "excluded_lines": 0}, "missing_lines": [74, 77, 82, 84, 85, 88, 91, 92, 93, 96, 97, 98, 99, 100, 102, 103, 105, 107, 109, 111], "excluded_lines": []}, "StructuredFormatter.format": {"executed_lines": [], "summary": {"covered_lines": 0, "num_statements": 6, "percent_covered": 0.0, "percent_covered_display": "0", "missing_lines": 6, "excluded_lines": 0}, "missing_lines": [118, 119, 120, 121, 123, 131], "excluded_lines": []}, "setup_structured_logging": {"executed_lines": [], "summary": {"covered_lines": 0, "num_statements": 11, "percent_covered": 0.0, "percent_covered_display": "0", "missing_lines": 11, "excluded_lines": 0}, "missing_lines": [144, 146, 154, 155, 158, 161, 164, 167, 170, 173, 175], "excluded_lines": []}, "setup_structured_logging.PowertoolsWrapper.__init__": {"executed_lines": [], "summary": {"covered_lines": 0, "num_statements": 1, "percent_covered": 0.0, "percent_covered_display": "0", "missing_lines": 1, "excluded_lines": 0}, "missing_lines": [156], "excluded_lines": []}, "setup_structured_logging.PowertoolsWrapper.info": {"executed_lines": [], "summary": {"covered_lines": 0, "num_statements": 1, "percent_covered": 0.0, "percent_covered_display": "0", "missing_lines": 1, "excluded_lines": 0}, "missing_lines": [159], "excluded_lines": []}, "setup_structured_logging.PowertoolsWrapper.warning": {"executed_lines": [], "summary": {"covered_lines": 0, "num_statements": 1, "percent_covered": 0.0, "percent_covered_display": "0", "missing_lines": 1, "excluded_lines": 0}, "missing_lines": [162], "excluded_lines": []}, "setup_structured_logging.PowertoolsWrapper.error": {"executed_lines": [], "summary": {"covered_lines": 0, "num_statements": 1, "percent_covered": 0.0, "percent_covered_display": "0", "missing_lines": 1, "excluded_lines": 0}, "missing_lines": [165], "excluded_lines": []}, "setup_structured_logging.PowertoolsWrapper.debug": {"executed_lines": [], "summary": {"covered_lines": 0, "num_statements": 1, "percent_covered": 0.0, "percent_covered_display": "0", "missing_lines": 1, "excluded_lines": 0}, "missing_lines": [168], "excluded_lines": []}, "get_logger": {"executed_lines": [], "summary": {"covered_lines": 0, "num_statements": 3, "percent_covered": 0.0, "percent_covered_display": "0", "missing_lines": 3, "excluded_lines": 0}, "missing_lines": [180, 181, 182], "excluded_lines": []}, "log_with_context": {"executed_lines": [], "summary": {"covered_lines": 0, "num_statements": 3, "percent_covered": 0.0, "percent_covered_display": "0", "missing_lines": 3, "excluded_lines": 0}, "missing_lines": [186, 187, 215], "excluded_lines": []}, "log_with_context.wrapper": {"executed_lines": [], "summary": {"covered_lines": 0, "num_statements": 10, "percent_covered": 0.0, "percent_covered_display": "0", "missing_lines": 10, "excluded_lines": 0}, "missing_lines": [188, 189, 191, 198, 199, 200, 205, 206, 207, 213], "excluded_lines": []}, "": {"executed_lines": [1, 5, 6, 7, 8, 9, 10, 12, 13, 16, 17, 20, 21, 23, 33, 36, 39, 42, 45, 61, 72, 113, 114, 116, 134, 136, 177, 184], "summary": {"covered_lines": 25, "num_statements": 27, "percent_covered": 92.5925925925926, "percent_covered_display": "93", "missing_lines": 2, "excluded_lines": 0}, "missing_lines": [14, 15], "excluded_lines": []}}, "classes": {"StructuredLogger": {"executed_lines": [], "summary": {"covered_lines": 0, "num_statements": 39, "percent_covered": 0.0, "percent_covered_display": "0", "missing_lines": 39, "excluded_lines": 0}, "missing_lines": [24, 25, 27, 28, 29, 30, 31, 34, 37, 40, 43, 48, 50, 59, 63, 64, 67, 68, 70, 74, 77, 82, 84, 85, 88, 91, 92, 93, 96, 97, 98, 99, 100, 102, 103, 105, 107, 109, 111], "excluded_lines": []}, "StructuredFormatter": {"executed_lines": [], "summary": {"covered_lines": 0, "num_statements": 6, "percent_covered": 0.0, "percent_covered_display": "0", "missing_lines": 6, "excluded_lines": 0}, "missing_lines": [118, 119, 120, 121, 123, 131], "excluded_lines": []}, "setup_structured_logging.PowertoolsWrapper": {"executed_lines": [], "summary": {"covered_lines": 0, "num_statements": 5, "percent_covered": 0.0, "percent_covered_display": "0", "missing_lines": 5, "excluded_lines": 0}, "missing_lines": [156, 159, 162, 165, 168], "excluded_lines": []}, "": {"executed_lines": [1, 5, 6, 7, 8, 9, 10, 12, 13, 16, 17, 20, 21, 23, 33, 36, 39, 42, 45, 61, 72, 113, 114, 116, 134, 136, 177, 184], "summary": {"covered_lines": 25, "num_statements": 54, "percent_covered": 46.2962962962963, "percent_covered_display": "46", "missing_lines": 29, "excluded_lines": 0}, "missing_lines": [14, 15, 144, 146, 154, 155, 158, 161, 164, 167, 170, 173, 175, 180, 181, 182, 186, 187, 188, 189, 191, 198, 199, 200, 205, 206, 207, 213, 215], "excluded_lines": []}}}, "src/common/security/auth.py": {"executed_lines": [], "summary": {"covered_lines": 0, "num_statements": 55, "percent_covered": 0.0, "percent_covered_display": "0", "missing_lines": 55, "excluded_lines": 0}, "missing_lines": [5, 6, 7, 8, 9, 10, 12, 15, 16, 18, 20, 27, 28, 29, 31, 33, 34, 35, 37, 38, 39, 42, 43, 44, 46, 47, 48, 50, 53, 54, 56, 58, 59, 61, 67, 69, 71, 73, 74, 76, 79, 80, 82, 84, 86, 88, 90, 92, 95, 97, 99, 101, 103, 105, 106], "excluded_lines": [], "functions": {"TokenManager.__init__": {"executed_lines": [], "summary": {"covered_lines": 0, "num_statements": 1, "percent_covered": 0.0, "percent_covered_display": "0", "missing_lines": 1, "excluded_lines": 0}, "missing_lines": [16], "excluded_lines": []}, "TokenManager.generate_token": {"executed_lines": [], "summary": {"covered_lines": 0, "num_statements": 4, "percent_covered": 0.0, "percent_covered_display": "0", "missing_lines": 4, "excluded_lines": 0}, "missing_lines": [20, 27, 28, 29], "excluded_lines": []}, "TokenManager.verify_token": {"executed_lines": [], "summary": {"covered_lines": 0, "num_statements": 12, "percent_covered": 0.0, "percent_covered_display": "0", "missing_lines": 12, "excluded_lines": 0}, "missing_lines": [33, 34, 35, 37, 38, 39, 42, 43, 44, 46, 47, 48], "excluded_lines": []}, "APIKeyManager.__init__": {"executed_lines": [], "summary": {"covered_lines": 0, "num_statements": 1, "percent_covered": 0.0, "percent_covered_display": "0", "missing_lines": 1, "excluded_lines": 0}, "missing_lines": [54], "excluded_lines": []}, "APIKeyManager.generate_api_key": {"executed_lines": [], "summary": {"covered_lines": 0, "num_statements": 4, "percent_covered": 0.0, "percent_covered_display": "0", "missing_lines": 4, "excluded_lines": 0}, "missing_lines": [58, 59, 61, 67], "excluded_lines": []}, "APIKeyManager.verify_api_key": {"executed_lines": [], "summary": {"covered_lines": 0, "num_statements": 4, "percent_covered": 0.0, "percent_covered_display": "0", "missing_lines": 4, "excluded_lines": 0}, "missing_lines": [71, 73, 74, 76], "excluded_lines": []}, "verify_jwt_token": {"executed_lines": [], "summary": {"covered_lines": 0, "num_statements": 1, "percent_covered": 0.0, "percent_covered_display": "0", "missing_lines": 1, "excluded_lines": 0}, "missing_lines": [84], "excluded_lines": []}, "generate_api_key": {"executed_lines": [], "summary": {"covered_lines": 0, "num_statements": 1, "percent_covered": 0.0, "percent_covered_display": "0", "missing_lines": 1, "excluded_lines": 0}, "missing_lines": [88], "excluded_lines": []}, "verify_api_key": {"executed_lines": [], "summary": {"covered_lines": 0, "num_statements": 1, "percent_covered": 0.0, "percent_covered_display": "0", "missing_lines": 1, "excluded_lines": 0}, "missing_lines": [92], "excluded_lines": []}, "create_jwt_token": {"executed_lines": [], "summary": {"covered_lines": 0, "num_statements": 1, "percent_covered": 0.0, "percent_covered_display": "0", "missing_lines": 1, "excluded_lines": 0}, "missing_lines": [99], "excluded_lines": []}, "require_auth": {"executed_lines": [], "summary": {"covered_lines": 0, "num_statements": 2, "percent_covered": 0.0, "percent_covered_display": "0", "missing_lines": 2, "excluded_lines": 0}, "missing_lines": [103, 106], "excluded_lines": []}, "require_auth.wrapper": {"executed_lines": [], "summary": {"covered_lines": 0, "num_statements": 1, "percent_covered": 0.0, "percent_covered_display": "0", "missing_lines": 1, "excluded_lines": 0}, "missing_lines": [105], "excluded_lines": []}, "": {"executed_lines": [], "summary": {"covered_lines": 0, "num_statements": 22, "percent_covered": 0.0, "percent_covered_display": "0", "missing_lines": 22, "excluded_lines": 0}, "missing_lines": [5, 6, 7, 8, 9, 10, 12, 15, 18, 31, 50, 53, 56, 69, 79, 80, 82, 86, 90, 95, 97, 101], "excluded_lines": []}}, "classes": {"TokenManager": {"executed_lines": [], "summary": {"covered_lines": 0, "num_statements": 17, "percent_covered": 0.0, "percent_covered_display": "0", "missing_lines": 17, "excluded_lines": 0}, "missing_lines": [16, 20, 27, 28, 29, 33, 34, 35, 37, 38, 39, 42, 43, 44, 46, 47, 48], "excluded_lines": []}, "APIKeyManager": {"executed_lines": [], "summary": {"covered_lines": 0, "num_statements": 9, "percent_covered": 0.0, "percent_covered_display": "0", "missing_lines": 9, "excluded_lines": 0}, "missing_lines": [54, 58, 59, 61, 67, 71, 73, 74, 76], "excluded_lines": []}, "": {"executed_lines": [], "summary": {"covered_lines": 0, "num_statements": 29, "percent_covered": 0.0, "percent_covered_display": "0", "missing_lines": 29, "excluded_lines": 0}, "missing_lines": [5, 6, 7, 8, 9, 10, 12, 15, 18, 31, 50, 53, 56, 69, 79, 80, 82, 84, 86, 88, 90, 92, 95, 97, 99, 101, 103, 105, 106], "excluded_lines": []}}}, "src/common/security/crypto_utils.py": {"executed_lines": [], "summary": {"covered_lines": 0, "num_statements": 33, "percent_covered": 0.0, "percent_covered_display": "0", "missing_lines": 33, "excluded_lines": 0}, "missing_lines": [5, 6, 7, 8, 10, 12, 14, 16, 17, 19, 20, 21, 22, 24, 26, 28, 30, 33, 34, 36, 38, 40, 42, 43, 44, 47, 49, 51, 52, 54, 56, 57, 60], "excluded_lines": [], "functions": {"generate_token": {"executed_lines": [], "summary": {"covered_lines": 0, "num_statements": 1, "percent_covered": 0.0, "percent_covered_display": "0", "missing_lines": 1, "excluded_lines": 0}, "missing_lines": [12], "excluded_lines": []}, "hash_data": {"executed_lines": [], "summary": {"covered_lines": 0, "num_statements": 7, "percent_covered": 0.0, "percent_covered_display": "0", "missing_lines": 7, "excluded_lines": 0}, "missing_lines": [16, 17, 19, 20, 21, 22, 24], "excluded_lines": []}, "secure_compare": {"executed_lines": [], "summary": {"covered_lines": 0, "num_statements": 1, "percent_covered": 0.0, "percent_covered_display": "0", "missing_lines": 1, "excluded_lines": 0}, "missing_lines": [28], "excluded_lines": []}, "DataEncryption.__init__": {"executed_lines": [], "summary": {"covered_lines": 0, "num_statements": 1, "percent_covered": 0.0, "percent_covered_display": "0", "missing_lines": 1, "excluded_lines": 0}, "missing_lines": [34], "excluded_lines": []}, "DataEncryption.encrypt": {"executed_lines": [], "summary": {"covered_lines": 0, "num_statements": 1, "percent_covered": 0.0, "percent_covered_display": "0", "missing_lines": 1, "excluded_lines": 0}, "missing_lines": [38], "excluded_lines": []}, "DataEncryption.decrypt": {"executed_lines": [], "summary": {"covered_lines": 0, "num_statements": 3, "percent_covered": 0.0, "percent_covered_display": "0", "missing_lines": 3, "excluded_lines": 0}, "missing_lines": [42, 43, 44], "excluded_lines": []}, "encrypt_sensitive_data": {"executed_lines": [], "summary": {"covered_lines": 0, "num_statements": 2, "percent_covered": 0.0, "percent_covered_display": "0", "missing_lines": 2, "excluded_lines": 0}, "missing_lines": [51, 52], "excluded_lines": []}, "decrypt_sensitive_data": {"executed_lines": [], "summary": {"covered_lines": 0, "num_statements": 2, "percent_covered": 0.0, "percent_covered_display": "0", "missing_lines": 2, "excluded_lines": 0}, "missing_lines": [56, 57], "excluded_lines": []}, "": {"executed_lines": [], "summary": {"covered_lines": 0, "num_statements": 15, "percent_covered": 0.0, "percent_covered_display": "0", "missing_lines": 15, "excluded_lines": 0}, "missing_lines": [5, 6, 7, 8, 10, 14, 26, 30, 33, 36, 40, 47, 49, 54, 60], "excluded_lines": []}}, "classes": {"DataEncryption": {"executed_lines": [], "summary": {"covered_lines": 0, "num_statements": 5, "percent_covered": 0.0, "percent_covered_display": "0", "missing_lines": 5, "excluded_lines": 0}, "missing_lines": [34, 38, 42, 43, 44], "excluded_lines": []}, "": {"executed_lines": [], "summary": {"covered_lines": 0, "num_statements": 28, "percent_covered": 0.0, "percent_covered_display": "0", "missing_lines": 28, "excluded_lines": 0}, "missing_lines": [5, 6, 7, 8, 10, 12, 14, 16, 17, 19, 20, 21, 22, 24, 26, 28, 30, 33, 36, 40, 47, 49, 51, 52, 54, 56, 57, 60], "excluded_lines": []}}}, "src/common/security/input_validators.py": {"executed_lines": [1, 5, 6, 7, 8, 9], "summary": {"covered_lines": 5, "num_statements": 130, "percent_covered": 3.8461538461538463, "percent_covered_display": "4", "missing_lines": 125, "excluded_lines": 0}, "missing_lines": [10, 12, 15, 16, 20, 21, 23, 25, 26, 27, 28, 29, 31, 32, 33, 35, 36, 39, 40, 41, 42, 43, 45, 47, 48, 49, 51, 52, 54, 55, 57, 58, 59, 61, 62, 63, 66, 67, 68, 69, 72, 73, 75, 77, 79, 80, 81, 82, 84, 86, 87, 88, 89, 90, 92, 93, 94, 96, 97, 98, 100, 101, 102, 104, 105, 108, 109, 110, 111, 114, 115, 116, 119, 120, 121, 122, 124, 126, 128, 130, 133, 134, 136, 138, 139, 140, 145, 146, 147, 152, 154, 156, 157, 158, 163, 164, 165, 170, 172, 174, 175, 176, 182, 183, 184, 189, 191, 193, 194, 197, 200, 203, 206, 212, 213, 216, 221, 222, 224, 226, 228, 229, 231, 233, 234], "excluded_lines": [], "functions": {"CollarDataModel.validate_timestamp": {"executed_lines": [], "summary": {"covered_lines": 0, "num_statements": 8, "percent_covered": 0.0, "percent_covered_display": "0", "missing_lines": 8, "excluded_lines": 0}, "missing_lines": [35, 36, 39, 40, 41, 42, 43, 45], "excluded_lines": []}, "CollarDataModel.validate_location": {"executed_lines": [], "summary": {"covered_lines": 0, "num_statements": 17, "percent_covered": 0.0, "percent_covered_display": "0", "missing_lines": 17, "excluded_lines": 0}, "missing_lines": [51, 52, 54, 55, 57, 58, 59, 61, 62, 63, 66, 67, 68, 69, 72, 73, 75], "excluded_lines": []}, "BehaviorEventModel.validate_behavior": {"executed_lines": [], "summary": {"covered_lines": 0, "num_statements": 3, "percent_covered": 0.0, "percent_covered_display": "0", "missing_lines": 3, "excluded_lines": 0}, "missing_lines": [96, 97, 98], "excluded_lines": []}, "BehaviorEventModel.validate_metadata": {"executed_lines": [], "summary": {"covered_lines": 0, "num_statements": 16, "percent_covered": 0.0, "percent_covered_display": "0", "missing_lines": 16, "excluded_lines": 0}, "missing_lines": [104, 105, 108, 109, 110, 111, 114, 115, 116, 119, 120, 121, 122, 124, 126, 128], "excluded_lines": []}, "InputValidator.__init__": {"executed_lines": [], "summary": {"covered_lines": 0, "num_statements": 1, "percent_covered": 0.0, "percent_covered_display": "0", "missing_lines": 1, "excluded_lines": 0}, "missing_lines": [134], "excluded_lines": []}, "InputValidator.validate_collar_data": {"executed_lines": [], "summary": {"covered_lines": 0, "num_statements": 7, "percent_covered": 0.0, "percent_covered_display": "0", "missing_lines": 7, "excluded_lines": 0}, "missing_lines": [138, 139, 140, 145, 146, 147, 152], "excluded_lines": []}, "InputValidator.validate_user_feedback": {"executed_lines": [], "summary": {"covered_lines": 0, "num_statements": 7, "percent_covered": 0.0, "percent_covered_display": "0", "missing_lines": 7, "excluded_lines": 0}, "missing_lines": [156, 157, 158, 163, 164, 165, 170], "excluded_lines": []}, "InputValidator.validate_behavior_event": {"executed_lines": [], "summary": {"covered_lines": 0, "num_statements": 7, "percent_covered": 0.0, "percent_covered_display": "0", "missing_lines": 7, "excluded_lines": 0}, "missing_lines": [174, 175, 176, 182, 183, 184, 189], "excluded_lines": []}, "sanitize_text_input": {"executed_lines": [], "summary": {"covered_lines": 0, "num_statements": 12, "percent_covered": 0.0, "percent_covered_display": "0", "missing_lines": 12, "excluded_lines": 0}, "missing_lines": [193, 194, 197, 200, 203, 206, 212, 213, 216, 221, 222, 224], "excluded_lines": []}, "validate_collar_data": {"executed_lines": [], "summary": {"covered_lines": 0, "num_statements": 2, "percent_covered": 0.0, "percent_covered_display": "0", "missing_lines": 2, "excluded_lines": 0}, "missing_lines": [228, 229], "excluded_lines": []}, "validate_user_feedback": {"executed_lines": [], "summary": {"covered_lines": 0, "num_statements": 2, "percent_covered": 0.0, "percent_covered_display": "0", "missing_lines": 2, "excluded_lines": 0}, "missing_lines": [233, 234], "excluded_lines": []}, "": {"executed_lines": [1, 5, 6, 7, 8, 9], "summary": {"covered_lines": 5, "num_statements": 48, "percent_covered": 10.416666666666666, "percent_covered_display": "10", "missing_lines": 43, "excluded_lines": 0}, "missing_lines": [10, 12, 15, 16, 20, 21, 23, 25, 26, 27, 28, 29, 31, 32, 33, 47, 48, 49, 77, 79, 80, 81, 82, 84, 86, 87, 88, 89, 90, 92, 93, 94, 100, 101, 102, 130, 133, 136, 154, 172, 191, 226, 231], "excluded_lines": []}}, "classes": {"CollarDataModel": {"executed_lines": [], "summary": {"covered_lines": 0, "num_statements": 25, "percent_covered": 0.0, "percent_covered_display": "0", "missing_lines": 25, "excluded_lines": 0}, "missing_lines": [35, 36, 39, 40, 41, 42, 43, 45, 51, 52, 54, 55, 57, 58, 59, 61, 62, 63, 66, 67, 68, 69, 72, 73, 75], "excluded_lines": []}, "UserFeedbackModel": {"executed_lines": [], "summary": {"covered_lines": 0, "num_statements": 0, "percent_covered": 100.0, "percent_covered_display": "100", "missing_lines": 0, "excluded_lines": 0}, "missing_lines": [], "excluded_lines": []}, "BehaviorEventModel": {"executed_lines": [], "summary": {"covered_lines": 0, "num_statements": 19, "percent_covered": 0.0, "percent_covered_display": "0", "missing_lines": 19, "excluded_lines": 0}, "missing_lines": [96, 97, 98, 104, 105, 108, 109, 110, 111, 114, 115, 116, 119, 120, 121, 122, 124, 126, 128], "excluded_lines": []}, "InputValidator": {"executed_lines": [], "summary": {"covered_lines": 0, "num_statements": 22, "percent_covered": 0.0, "percent_covered_display": "0", "missing_lines": 22, "excluded_lines": 0}, "missing_lines": [134, 138, 139, 140, 145, 146, 147, 152, 156, 157, 158, 163, 164, 165, 170, 174, 175, 176, 182, 183, 184, 189], "excluded_lines": []}, "": {"executed_lines": [1, 5, 6, 7, 8, 9], "summary": {"covered_lines": 5, "num_statements": 64, "percent_covered": 7.8125, "percent_covered_display": "8", "missing_lines": 59, "excluded_lines": 0}, "missing_lines": [10, 12, 15, 16, 20, 21, 23, 25, 26, 27, 28, 29, 31, 32, 33, 47, 48, 49, 77, 79, 80, 81, 82, 84, 86, 87, 88, 89, 90, 92, 93, 94, 100, 101, 102, 130, 133, 136, 154, 172, 191, 193, 194, 197, 200, 203, 206, 212, 213, 216, 221, 222, 224, 226, 228, 229, 231, 233, 234], "excluded_lines": []}}}, "src/common/security/output_schemas.py": {"executed_lines": [], "summary": {"covered_lines": 0, "num_statements": 136, "percent_covered": 0.0, "percent_covered_display": "0", "missing_lines": 136, "excluded_lines": 0}, "missing_lines": [5, 6, 7, 8, 9, 11, 13, 15, 16, 17, 18, 19, 20, 22, 23, 24, 26, 27, 30, 31, 32, 34, 35, 39, 41, 42, 43, 44, 45, 47, 48, 49, 51, 52, 53, 55, 56, 57, 59, 60, 63, 64, 65, 67, 68, 69, 71, 76, 77, 78, 79, 81, 83, 85, 86, 87, 88, 89, 91, 92, 93, 95, 96, 97, 99, 100, 101, 103, 104, 105, 106, 107, 108, 110, 111, 112, 114, 115, 116, 117, 118, 119, 121, 123, 124, 125, 126, 127, 128, 130, 131, 132, 134, 135, 138, 139, 140, 142, 143, 147, 150, 151, 153, 155, 156, 157, 163, 164, 165, 170, 172, 174, 175, 176, 182, 183, 184, 189, 191, 200, 201, 209, 211, 218, 220, 221, 227, 233, 235, 236, 238, 240, 241, 243, 251, 252], "excluded_lines": [], "functions": {"TimelineEventOutput.sanitize_description": {"executed_lines": [], "summary": {"covered_lines": 0, "num_statements": 5, "percent_covered": 0.0, "percent_covered_display": "0", "missing_lines": 5, "excluded_lines": 0}, "missing_lines": [26, 27, 30, 31, 32], "excluded_lines": []}, "TimelineOutput.validate_events_count": {"executed_lines": [], "summary": {"covered_lines": 0, "num_statements": 3, "percent_covered": 0.0, "percent_covered_display": "0", "missing_lines": 3, "excluded_lines": 0}, "missing_lines": [51, 52, 53], "excluded_lines": []}, "TimelineOutput.sanitize_summary": {"executed_lines": [], "summary": {"covered_lines": 0, "num_statements": 5, "percent_covered": 0.0, "percent_covered_display": "0", "missing_lines": 5, "excluded_lines": 0}, "missing_lines": [59, 60, 63, 64, 65], "excluded_lines": []}, "TimelineOutput.validate_risk_flags": {"executed_lines": [], "summary": {"covered_lines": 0, "num_statements": 6, "percent_covered": 0.0, "percent_covered_display": "0", "missing_lines": 6, "excluded_lines": 0}, "missing_lines": [71, 76, 77, 78, 79, 81], "excluded_lines": []}, "BehaviorAnalysisOutput.validate_behavior_count": {"executed_lines": [], "summary": {"covered_lines": 0, "num_statements": 3, "percent_covered": 0.0, "percent_covered_display": "0", "missing_lines": 3, "excluded_lines": 0}, "missing_lines": [95, 96, 97], "excluded_lines": []}, "BehaviorAnalysisOutput.sanitize_recommendations": {"executed_lines": [], "summary": {"covered_lines": 0, "num_statements": 6, "percent_covered": 0.0, "percent_covered_display": "0", "missing_lines": 6, "excluded_lines": 0}, "missing_lines": [103, 104, 105, 106, 107, 108], "excluded_lines": []}, "BehaviorAnalysisOutput.sanitize_alerts": {"executed_lines": [], "summary": {"covered_lines": 0, "num_statements": 6, "percent_covered": 0.0, "percent_covered_display": "0", "missing_lines": 6, "excluded_lines": 0}, "missing_lines": [114, 115, 116, 117, 118, 119], "excluded_lines": []}, "APIResponse.sanitize_message": {"executed_lines": [], "summary": {"covered_lines": 0, "num_statements": 5, "percent_covered": 0.0, "percent_covered_display": "0", "missing_lines": 5, "excluded_lines": 0}, "missing_lines": [134, 135, 138, 139, 140], "excluded_lines": []}, "OutputValidator.__init__": {"executed_lines": [], "summary": {"covered_lines": 0, "num_statements": 1, "percent_covered": 0.0, "percent_covered_display": "0", "missing_lines": 1, "excluded_lines": 0}, "missing_lines": [151], "excluded_lines": []}, "OutputValidator.validate_timeline_output": {"executed_lines": [], "summary": {"covered_lines": 0, "num_statements": 7, "percent_covered": 0.0, "percent_covered_display": "0", "missing_lines": 7, "excluded_lines": 0}, "missing_lines": [155, 156, 157, 163, 164, 165, 170], "excluded_lines": []}, "OutputValidator.validate_behavior_output": {"executed_lines": [], "summary": {"covered_lines": 0, "num_statements": 7, "percent_covered": 0.0, "percent_covered_display": "0", "missing_lines": 7, "excluded_lines": 0}, "missing_lines": [174, 175, 176, 182, 183, 184, 189], "excluded_lines": []}, "OutputValidator.create_secure_response": {"executed_lines": [], "summary": {"covered_lines": 0, "num_statements": 8, "percent_covered": 0.0, "percent_covered_display": "0", "missing_lines": 8, "excluded_lines": 0}, "missing_lines": [200, 201, 209, 211, 218, 220, 221, 227], "excluded_lines": []}, "validate_timeline_output": {"executed_lines": [], "summary": {"covered_lines": 0, "num_statements": 2, "percent_covered": 0.0, "percent_covered_display": "0", "missing_lines": 2, "excluded_lines": 0}, "missing_lines": [235, 236], "excluded_lines": []}, "validate_behavior_output": {"executed_lines": [], "summary": {"covered_lines": 0, "num_statements": 2, "percent_covered": 0.0, "percent_covered_display": "0", "missing_lines": 2, "excluded_lines": 0}, "missing_lines": [240, 241], "excluded_lines": []}, "secure_response_wrapper": {"executed_lines": [], "summary": {"covered_lines": 0, "num_statements": 2, "percent_covered": 0.0, "percent_covered_display": "0", "missing_lines": 2, "excluded_lines": 0}, "missing_lines": [251, 252], "excluded_lines": []}, "": {"executed_lines": [], "summary": {"covered_lines": 0, "num_statements": 68, "percent_covered": 0.0, "percent_covered_display": "0", "missing_lines": 68, "excluded_lines": 0}, "missing_lines": [5, 6, 7, 8, 9, 11, 13, 15, 16, 17, 18, 19, 20, 22, 23, 24, 34, 35, 39, 41, 42, 43, 44, 45, 47, 48, 49, 55, 56, 57, 67, 68, 69, 83, 85, 86, 87, 88, 89, 91, 92, 93, 99, 100, 101, 110, 111, 112, 121, 123, 124, 125, 126, 127, 128, 130, 131, 132, 142, 143, 147, 150, 153, 172, 191, 233, 238, 243], "excluded_lines": []}}, "classes": {"TimelineEventOutput": {"executed_lines": [], "summary": {"covered_lines": 0, "num_statements": 5, "percent_covered": 0.0, "percent_covered_display": "0", "missing_lines": 5, "excluded_lines": 0}, "missing_lines": [26, 27, 30, 31, 32], "excluded_lines": []}, "TimelineEventOutput.Config": {"executed_lines": [], "summary": {"covered_lines": 0, "num_statements": 0, "percent_covered": 100.0, "percent_covered_display": "100", "missing_lines": 0, "excluded_lines": 0}, "missing_lines": [], "excluded_lines": []}, "TimelineOutput": {"executed_lines": [], "summary": {"covered_lines": 0, "num_statements": 14, "percent_covered": 0.0, "percent_covered_display": "0", "missing_lines": 14, "excluded_lines": 0}, "missing_lines": [51, 52, 53, 59, 60, 63, 64, 65, 71, 76, 77, 78, 79, 81], "excluded_lines": []}, "BehaviorAnalysisOutput": {"executed_lines": [], "summary": {"covered_lines": 0, "num_statements": 15, "percent_covered": 0.0, "percent_covered_display": "0", "missing_lines": 15, "excluded_lines": 0}, "missing_lines": [95, 96, 97, 103, 104, 105, 106, 107, 108, 114, 115, 116, 117, 118, 119], "excluded_lines": []}, "APIResponse": {"executed_lines": [], "summary": {"covered_lines": 0, "num_statements": 5, "percent_covered": 0.0, "percent_covered_display": "0", "missing_lines": 5, "excluded_lines": 0}, "missing_lines": [134, 135, 138, 139, 140], "excluded_lines": []}, "APIResponse.Config": {"executed_lines": [], "summary": {"covered_lines": 0, "num_statements": 0, "percent_covered": 100.0, "percent_covered_display": "100", "missing_lines": 0, "excluded_lines": 0}, "missing_lines": [], "excluded_lines": []}, "OutputValidator": {"executed_lines": [], "summary": {"covered_lines": 0, "num_statements": 23, "percent_covered": 0.0, "percent_covered_display": "0", "missing_lines": 23, "excluded_lines": 0}, "missing_lines": [151, 155, 156, 157, 163, 164, 165, 170, 174, 175, 176, 182, 183, 184, 189, 200, 201, 209, 211, 218, 220, 221, 227], "excluded_lines": []}, "": {"executed_lines": [], "summary": {"covered_lines": 0, "num_statements": 74, "percent_covered": 0.0, "percent_covered_display": "0", "missing_lines": 74, "excluded_lines": 0}, "missing_lines": [5, 6, 7, 8, 9, 11, 13, 15, 16, 17, 18, 19, 20, 22, 23, 24, 34, 35, 39, 41, 42, 43, 44, 45, 47, 48, 49, 55, 56, 57, 67, 68, 69, 83, 85, 86, 87, 88, 89, 91, 92, 93, 99, 100, 101, 110, 111, 112, 121, 123, 124, 125, 126, 127, 128, 130, 131, 132, 142, 143, 147, 150, 153, 172, 191, 233, 235, 236, 238, 240, 241, 243, 251, 252], "excluded_lines": []}}}, "src/common/security/rate_limiter.py": {"executed_lines": [], "summary": {"covered_lines": 0, "num_statements": 140, "percent_covered": 0.0, "percent_covered_display": "0", "missing_lines": 140, "excluded_lines": 0}, "missing_lines": [5, 6, 7, 8, 9, 10, 11, 13, 15, 16, 17, 18, 20, 22, 24, 26, 28, 31, 40, 41, 42, 43, 44, 46, 48, 50, 51, 56, 59, 60, 61, 62, 64, 66, 77, 79, 80, 81, 82, 84, 85, 87, 98, 99, 101, 103, 104, 106, 108, 109, 110, 112, 115, 129, 130, 131, 133, 134, 135, 136, 138, 140, 141, 142, 143, 145, 147, 148, 149, 150, 151, 153, 155, 156, 158, 159, 160, 162, 164, 165, 167, 168, 170, 171, 172, 173, 176, 178, 193, 194, 196, 197, 198, 199, 200, 201, 202, 204, 206, 207, 209, 210, 211, 213, 214, 215, 216, 217, 218, 221, 228, 241, 242, 243, 245, 246, 249, 252, 253, 254, 256, 258, 259, 261, 262, 265, 268, 269, 270, 272, 273, 275, 277, 278, 280, 282, 284, 286, 288, 290], "excluded_lines": [], "functions": {"RateLimiter.__init__": {"executed_lines": [], "summary": {"covered_lines": 0, "num_statements": 5, "percent_covered": 0.0, "percent_covered_display": "0", "missing_lines": 5, "excluded_lines": 0}, "missing_lines": [40, 41, 42, 43, 44], "excluded_lines": []}, "RateLimiter._get_bucket": {"executed_lines": [], "summary": {"covered_lines": 0, "num_statements": 9, "percent_covered": 0.0, "percent_covered_display": "0", "missing_lines": 9, "excluded_lines": 0}, "missing_lines": [48, 50, 51, 56, 59, 60, 61, 62, 64], "excluded_lines": []}, "RateLimiter.acquire": {"executed_lines": [], "summary": {"covered_lines": 0, "num_statements": 7, "percent_covered": 0.0, "percent_covered_display": "0", "missing_lines": 7, "excluded_lines": 0}, "missing_lines": [77, 79, 80, 81, 82, 84, 85], "excluded_lines": []}, "RateLimiter.check_limit": {"executed_lines": [], "summary": {"covered_lines": 0, "num_statements": 2, "percent_covered": 0.0, "percent_covered_display": "0", "missing_lines": 2, "excluded_lines": 0}, "missing_lines": [98, 99], "excluded_lines": []}, "RateLimiter.get_remaining_tokens": {"executed_lines": [], "summary": {"covered_lines": 0, "num_statements": 2, "percent_covered": 0.0, "percent_covered_display": "0", "missing_lines": 2, "excluded_lines": 0}, "missing_lines": [103, 104], "excluded_lines": []}, "RateLimiter.reset_bucket": {"executed_lines": [], "summary": {"covered_lines": 0, "num_statements": 3, "percent_covered": 0.0, "percent_covered_display": "0", "missing_lines": 3, "excluded_lines": 0}, "missing_lines": [108, 109, 110], "excluded_lines": []}, "CircuitBreaker.__init__": {"executed_lines": [], "summary": {"covered_lines": 0, "num_statements": 7, "percent_covered": 0.0, "percent_covered_display": "0", "missing_lines": 7, "excluded_lines": 0}, "missing_lines": [129, 130, 131, 133, 134, 135, 136], "excluded_lines": []}, "CircuitBreaker._reset": {"executed_lines": [], "summary": {"covered_lines": 0, "num_statements": 4, "percent_covered": 0.0, "percent_covered_display": "0", "missing_lines": 4, "excluded_lines": 0}, "missing_lines": [140, 141, 142, 143], "excluded_lines": []}, "CircuitBreaker._record_success": {"executed_lines": [], "summary": {"covered_lines": 0, "num_statements": 5, "percent_covered": 0.0, "percent_covered_display": "0", "missing_lines": 5, "excluded_lines": 0}, "missing_lines": [147, 148, 149, 150, 151], "excluded_lines": []}, "CircuitBreaker._record_failure": {"executed_lines": [], "summary": {"covered_lines": 0, "num_statements": 5, "percent_covered": 0.0, "percent_covered_display": "0", "missing_lines": 5, "excluded_lines": 0}, "missing_lines": [155, 156, 158, 159, 160], "excluded_lines": []}, "CircuitBreaker._can_attempt": {"executed_lines": [], "summary": {"covered_lines": 0, "num_statements": 9, "percent_covered": 0.0, "percent_covered_display": "0", "missing_lines": 9, "excluded_lines": 0}, "missing_lines": [164, 165, 167, 168, 170, 171, 172, 173, 176], "excluded_lines": []}, "CircuitBreaker.call": {"executed_lines": [], "summary": {"covered_lines": 0, "num_statements": 9, "percent_covered": 0.0, "percent_covered_display": "0", "missing_lines": 9, "excluded_lines": 0}, "missing_lines": [193, 194, 196, 197, 198, 199, 200, 201, 202], "excluded_lines": []}, "CircuitBreaker.acall": {"executed_lines": [], "summary": {"covered_lines": 0, "num_statements": 11, "percent_covered": 0.0, "percent_covered_display": "0", "missing_lines": 11, "excluded_lines": 0}, "missing_lines": [206, 207, 209, 210, 211, 213, 214, 215, 216, 217, 218], "excluded_lines": []}, "rate_limit_decorator": {"executed_lines": [], "summary": {"covered_lines": 0, "num_statements": 3, "percent_covered": 0.0, "percent_covered_display": "0", "missing_lines": 3, "excluded_lines": 0}, "missing_lines": [241, 242, 282], "excluded_lines": []}, "rate_limit_decorator.decorator": {"executed_lines": [], "summary": {"covered_lines": 0, "num_statements": 6, "percent_covered": 0.0, "percent_covered_display": "0", "missing_lines": 6, "excluded_lines": 0}, "missing_lines": [243, 258, 259, 277, 278, 280], "excluded_lines": []}, "rate_limit_decorator.decorator.wrapper": {"executed_lines": [], "summary": {"covered_lines": 0, "num_statements": 7, "percent_covered": 0.0, "percent_covered_display": "0", "missing_lines": 7, "excluded_lines": 0}, "missing_lines": [245, 246, 249, 252, 253, 254, 256], "excluded_lines": []}, "rate_limit_decorator.decorator.async_wrapper": {"executed_lines": [], "summary": {"covered_lines": 0, "num_statements": 9, "percent_covered": 0.0, "percent_covered_display": "0", "missing_lines": 9, "excluded_lines": 0}, "missing_lines": [261, 262, 265, 268, 269, 270, 272, 273, 275], "excluded_lines": []}, "get_rate_limiter": {"executed_lines": [], "summary": {"covered_lines": 0, "num_statements": 1, "percent_covered": 0.0, "percent_covered_display": "0", "missing_lines": 1, "excluded_lines": 0}, "missing_lines": [286], "excluded_lines": []}, "add_rate_limiter": {"executed_lines": [], "summary": {"covered_lines": 0, "num_statements": 1, "percent_covered": 0.0, "percent_covered_display": "0", "missing_lines": 1, "excluded_lines": 0}, "missing_lines": [290], "excluded_lines": []}, "": {"executed_lines": [], "summary": {"covered_lines": 0, "num_statements": 35, "percent_covered": 0.0, "percent_covered_display": "0", "missing_lines": 35, "excluded_lines": 0}, "missing_lines": [5, 6, 7, 8, 9, 10, 11, 13, 15, 16, 17, 18, 20, 22, 24, 26, 28, 31, 46, 66, 87, 101, 106, 112, 115, 138, 145, 153, 162, 178, 204, 221, 228, 284, 288], "excluded_lines": []}}, "classes": {"CircuitState": {"executed_lines": [], "summary": {"covered_lines": 0, "num_statements": 0, "percent_covered": 100.0, "percent_covered_display": "100", "missing_lines": 0, "excluded_lines": 0}, "missing_lines": [], "excluded_lines": []}, "RateLimitExceeded": {"executed_lines": [], "summary": {"covered_lines": 0, "num_statements": 0, "percent_covered": 100.0, "percent_covered_display": "100", "missing_lines": 0, "excluded_lines": 0}, "missing_lines": [], "excluded_lines": []}, "CircuitBreakerOpen": {"executed_lines": [], "summary": {"covered_lines": 0, "num_statements": 0, "percent_covered": 100.0, "percent_covered_display": "100", "missing_lines": 0, "excluded_lines": 0}, "missing_lines": [], "excluded_lines": []}, "RateLimiter": {"executed_lines": [], "summary": {"covered_lines": 0, "num_statements": 28, "percent_covered": 0.0, "percent_covered_display": "0", "missing_lines": 28, "excluded_lines": 0}, "missing_lines": [40, 41, 42, 43, 44, 48, 50, 51, 56, 59, 60, 61, 62, 64, 77, 79, 80, 81, 82, 84, 85, 98, 99, 103, 104, 108, 109, 110], "excluded_lines": []}, "CircuitBreaker": {"executed_lines": [], "summary": {"covered_lines": 0, "num_statements": 50, "percent_covered": 0.0, "percent_covered_display": "0", "missing_lines": 50, "excluded_lines": 0}, "missing_lines": [129, 130, 131, 133, 134, 135, 136, 140, 141, 142, 143, 147, 148, 149, 150, 151, 155, 156, 158, 159, 160, 164, 165, 167, 168, 170, 171, 172, 173, 176, 193, 194, 196, 197, 198, 199, 200, 201, 202, 206, 207, 209, 210, 211, 213, 214, 215, 216, 217, 218], "excluded_lines": []}, "": {"executed_lines": [], "summary": {"covered_lines": 0, "num_statements": 62, "percent_covered": 0.0, "percent_covered_display": "0", "missing_lines": 62, "excluded_lines": 0}, "missing_lines": [5, 6, 7, 8, 9, 10, 11, 13, 15, 16, 17, 18, 20, 22, 24, 26, 28, 31, 46, 66, 87, 101, 106, 112, 115, 138, 145, 153, 162, 178, 204, 221, 228, 241, 242, 243, 245, 246, 249, 252, 253, 254, 256, 258, 259, 261, 262, 265, 268, 269, 270, 272, 273, 275, 277, 278, 280, 282, 284, 286, 288, 290], "excluded_lines": []}}}, "src/common/security/redaction.py": {"executed_lines": [], "summary": {"covered_lines": 0, "num_statements": 55, "percent_covered": 0.0, "percent_covered_display": "0", "missing_lines": 55, "excluded_lines": 0}, "missing_lines": [5, 6, 9, 10, 11, 12, 14, 16, 18, 20, 22, 24, 26, 28, 30, 32, 33, 35, 36, 37, 38, 39, 41, 43, 45, 46, 48, 49, 50, 51, 52, 53, 54, 55, 56, 57, 61, 63, 65, 68, 69, 71, 73, 75, 77, 78, 79, 80, 81, 82, 84, 86, 88, 89, 91], "excluded_lines": [], "functions": {"redact_email": {"executed_lines": [], "summary": {"covered_lines": 0, "num_statements": 1, "percent_covered": 0.0, "percent_covered_display": "0", "missing_lines": 1, "excluded_lines": 0}, "missing_lines": [16], "excluded_lines": []}, "redact_phone": {"executed_lines": [], "summary": {"covered_lines": 0, "num_statements": 1, "percent_covered": 0.0, "percent_covered_display": "0", "missing_lines": 1, "excluded_lines": 0}, "missing_lines": [20], "excluded_lines": []}, "redact_ssn": {"executed_lines": [], "summary": {"covered_lines": 0, "num_statements": 1, "percent_covered": 0.0, "percent_covered_display": "0", "missing_lines": 1, "excluded_lines": 0}, "missing_lines": [24], "excluded_lines": []}, "redact_credit_card": {"executed_lines": [], "summary": {"covered_lines": 0, "num_statements": 1, "percent_covered": 0.0, "percent_covered_display": "0", "missing_lines": 1, "excluded_lines": 0}, "missing_lines": [28], "excluded_lines": []}, "redact_pii": {"executed_lines": [], "summary": {"covered_lines": 0, "num_statements": 8, "percent_covered": 0.0, "percent_covered_display": "0", "missing_lines": 8, "excluded_lines": 0}, "missing_lines": [32, 33, 35, 36, 37, 38, 39, 41], "excluded_lines": []}, "redact_dict": {"executed_lines": [], "summary": {"covered_lines": 0, "num_statements": 14, "percent_covered": 0.0, "percent_covered_display": "0", "missing_lines": 14, "excluded_lines": 0}, "missing_lines": [45, 46, 48, 49, 50, 51, 52, 53, 54, 55, 56, 57, 61, 63], "excluded_lines": []}, "DataRedactor.__init__": {"executed_lines": [], "summary": {"covered_lines": 0, "num_statements": 1, "percent_covered": 0.0, "percent_covered_display": "0", "missing_lines": 1, "excluded_lines": 0}, "missing_lines": [69], "excluded_lines": []}, "DataRedactor.redact_text": {"executed_lines": [], "summary": {"covered_lines": 0, "num_statements": 1, "percent_covered": 0.0, "percent_covered_display": "0", "missing_lines": 1, "excluded_lines": 0}, "missing_lines": [73], "excluded_lines": []}, "DataRedactor.redact_data": {"executed_lines": [], "summary": {"covered_lines": 0, "num_statements": 7, "percent_covered": 0.0, "percent_covered_display": "0", "missing_lines": 7, "excluded_lines": 0}, "missing_lines": [77, 78, 79, 80, 81, 82, 84], "excluded_lines": []}, "safe_log": {"executed_lines": [], "summary": {"covered_lines": 0, "num_statements": 3, "percent_covered": 0.0, "percent_covered_display": "0", "missing_lines": 3, "excluded_lines": 0}, "missing_lines": [88, 89, 91], "excluded_lines": []}, "": {"executed_lines": [], "summary": {"covered_lines": 0, "num_statements": 17, "percent_covered": 0.0, "percent_covered_display": "0", "missing_lines": 17, "excluded_lines": 0}, "missing_lines": [5, 6, 9, 10, 11, 12, 14, 18, 22, 26, 30, 43, 65, 68, 71, 75, 86], "excluded_lines": []}}, "classes": {"DataRedactor": {"executed_lines": [], "summary": {"covered_lines": 0, "num_statements": 9, "percent_covered": 0.0, "percent_covered_display": "0", "missing_lines": 9, "excluded_lines": 0}, "missing_lines": [69, 73, 77, 78, 79, 80, 81, 82, 84], "excluded_lines": []}, "": {"executed_lines": [], "summary": {"covered_lines": 0, "num_statements": 46, "percent_covered": 0.0, "percent_covered_display": "0", "missing_lines": 46, "excluded_lines": 0}, "missing_lines": [5, 6, 9, 10, 11, 12, 14, 16, 18, 20, 22, 24, 26, 28, 30, 32, 33, 35, 36, 37, 38, 39, 41, 43, 45, 46, 48, 49, 50, 51, 52, 53, 54, 55, 56, 57, 61, 63, 65, 68, 71, 75, 86, 88, 89, 91], "excluded_lines": []}}}, "src/knowledge_base.py": {"executed_lines": [], "summary": {"covered_lines": 0, "num_statements": 17, "percent_covered": 0.0, "percent_covered_display": "0", "missing_lines": 17, "excluded_lines": 0}, "missing_lines": [1, 3, 4, 5, 6, 7, 9, 10, 11, 12, 14, 15, 16, 17, 19, 20, 22], "excluded_lines": [], "functions": {"evaluate_rules": {"executed_lines": [], "summary": {"covered_lines": 0, "num_statements": 15, "percent_covered": 0.0, "percent_covered_display": "0", "missing_lines": 15, "excluded_lines": 0}, "missing_lines": [4, 5, 6, 7, 9, 10, 11, 12, 14, 15, 16, 17, 19, 20, 22], "excluded_lines": []}, "": {"executed_lines": [], "summary": {"covered_lines": 0, "num_statements": 2, "percent_covered": 0.0, "percent_covered_display": "0", "missing_lines": 2, "excluded_lines": 0}, "missing_lines": [1, 3], "excluded_lines": []}}, "classes": {"": {"executed_lines": [], "summary": {"covered_lines": 0, "num_statements": 17, "percent_covered": 0.0, "percent_covered_display": "0", "missing_lines": 17, "excluded_lines": 0}, "missing_lines": [1, 3, 4, 5, 6, 7, 9, 10, 11, 12, 14, 15, 16, 17, 19, 20, 22], "excluded_lines": []}}}, "src/nutrition_calculator.py": {"executed_lines": [], "summary": {"covered_lines": 0, "num_statements": 5, "percent_covered": 0.0, "percent_covered_display": "0", "missing_lines": 5, "excluded_lines": 0}, "missing_lines": [1, 2, 4, 5, 12], "excluded_lines": [], "functions": {"calculate_rer": {"executed_lines": [], "summary": {"covered_lines": 0, "num_statements": 1, "percent_covered": 0.0, "percent_covered_display": "0", "missing_lines": 1, "excluded_lines": 0}, "missing_lines": [2], "excluded_lines": []}, "calculate_mer": {"executed_lines": [], "summary": {"covered_lines": 0, "num_statements": 2, "percent_covered": 0.0, "percent_covered_display": "0", "missing_lines": 2, "excluded_lines": 0}, "missing_lines": [5, 12], "excluded_lines": []}, "": {"executed_lines": [], "summary": {"covered_lines": 0, "num_statements": 2, "percent_covered": 0.0, "percent_covered_display": "0", "missing_lines": 2, "excluded_lines": 0}, "missing_lines": [1, 4], "excluded_lines": []}}, "classes": {"": {"executed_lines": [], "summary": {"covered_lines": 0, "num_statements": 5, "percent_covered": 0.0, "percent_covered_display": "0", "missing_lines": 5, "excluded_lines": 0}, "missing_lines": [1, 2, 4, 5, 12], "excluded_lines": []}}}, "src/recommendation_model.py": {"executed_lines": [], "summary": {"covered_lines": 0, "num_statements": 14, "percent_covered": 0.0, "percent_covered_display": "0", "missing_lines": 14, "excluded_lines": 0}, "missing_lines": [1, 2, 4, 5, 6, 7, 8, 9, 10, 11, 12, 13, 15, 16], "excluded_lines": [], "functions": {"PetProfile.to_vector": {"executed_lines": [], "summary": {"covered_lines": 0, "num_statements": 1, "percent_covered": 0.0, "percent_covered_display": "0", "missing_lines": 1, "excluded_lines": 0}, "missing_lines": [16], "excluded_lines": []}, "": {"executed_lines": [], "summary": {"covered_lines": 0, "num_statements": 13, "percent_covered": 0.0, "percent_covered_display": "0", "missing_lines": 13, "excluded_lines": 0}, "missing_lines": [1, 2, 4, 5, 6, 7, 8, 9, 10, 11, 12, 13, 15], "excluded_lines": []}}, "classes": {"PetProfile": {"executed_lines": [], "summary": {"covered_lines": 0, "num_statements": 1, "percent_covered": 0.0, "percent_covered_display": "0", "missing_lines": 1, "excluded_lines": 0}, "missing_lines": [16], "excluded_lines": []}, "": {"executed_lines": [], "summary": {"covered_lines": 0, "num_statements": 13, "percent_covered": 0.0, "percent_covered_display": "0", "missing_lines": 13, "excluded_lines": 0}, "missing_lines": [1, 2, 4, 5, 6, 7, 8, 9, 10, 11, 12, 13, 15], "excluded_lines": []}}}}, "totals": {"covered_lines": 88, "num_statements": 895, "percent_covered": 9.832402234636872, "percent_covered_display": "10", "missing_lines": 807, "excluded_lines": 0}}